#-----------------------------------------------------------
# Vivado v2024.2 (64-bit)
# SW Build 5239630 on Fri Nov 08 22:35:27 MST 2024
# IP Build 5239520 on Sun Nov 10 16:12:51 MST 2024
# SharedData Build 5239561 on Fri Nov 08 14:39:27 MST 2024
# Start of session at: Mon May 19 21:50:10 2025
# Process ID         : 26300
# Current directory  : C:/Users/ceran/Documents/BoriSoC/BoriSoC
# Command line       : vivado.exe -mode batch -source simulate.tcl
# Log file           : C:/Users/ceran/Documents/BoriSoC/BoriSoC/vivado.log
# Journal file       : C:/Users/ceran/Documents/BoriSoC/BoriSoC\vivado.jou
# Running On         : DESKTOP-2D1SHBR
# Platform           : Windows Server 2016 or Windows 10
# Operating System   : 22621
# Processor Detail   : Intel(R) Core(TM) i7-5820K CPU @ 3.30GHz
# CPU Frequency      : 3298 MHz
# CPU Physical cores : 6
# CPU Logical cores  : 12
# Host memory        : 17086 MB
# Swap memory        : 1178 MB
# Total Virtual      : 18264 MB
# Available Virtual  : 4982 MB
#-----------------------------------------------------------
source simulate.tcl
couldn't read file "simulate.tcl": no such file or directory
INFO: [Common 17-206] Exiting Vivado at Mon May 19 21:50:14 2025...
