#-----------------------------------------------------------
# Vivado v2024.2 (64-bit)
# SW Build 5239630 on Fri Nov 08 22:35:27 MST 2024
# IP Build 5239520 on Sun Nov 10 16:12:51 MST 2024
# SharedData Build 5239561 on Fri Nov 08 14:39:27 MST 2024
# Start of session at: Mon May 19 21:50:26 2025
# Process ID         : 31292
# Current directory  : C:/Users/ceran/Documents/BoriSoC/BoriSoC
# Command line       : vivado.exe -mode batch -source sim.tcl
# Log file           : C:/Users/ceran/Documents/BoriSoC/BoriSoC/vivado.log
# Journal file       : C:/Users/ceran/Documents/BoriSoC/BoriSoC\vivado.jou
# Running On         : DESKTOP-2D1SHBR
# Platform           : Windows Server 2016 or Windows 10
# Operating System   : 22621
# Processor Detail   : Intel(R) Core(TM) i7-5820K CPU @ 3.30GHz
# CPU Frequency      : 3298 MHz
# CPU Physical cores : 6
# CPU Logical cores  : 12
# Host memory        : 17086 MB
# Swap memory        : 1178 MB
# Total Virtual      : 18264 MB
# Available Virtual  : 5048 MB
#-----------------------------------------------------------
source sim.tcl
# open_project BoriSoC.xpr
INFO: [filemgmt 56-3] Default IP Output Path : Could not find the directory 'C:/Users/ceran/Documents/BoriSoC/BoriSoC/BoriSoC.gen/sources_1'.
Scanning sources...
Finished scanning sources
open_project: Time (s): cpu = 00:00:05 ; elapsed = 00:00:10 . Memory (MB): peak = 619.074 ; gain = 190.316
# launch_simulation -mode behavioral
Command: launch_simulation  -mode behavioral
INFO: [Vivado 12-12493] Simulation top is 'SoC'
WARNING: [Vivado 12-13340] Unable to auto find GCC executables from simulator install path! (path not set)
INFO: [Vivado 12-5682] Launching behavioral simulation in 'C:/Users/ceran/Documents/BoriSoC/BoriSoC/BoriSoC.sim/sim_1/behav/xsim'
INFO: [SIM-utils-51] Simulation object is 'sim_1'
INFO: [SIM-utils-72] Using boost library from 'F:/Vivado/Vivado/2024.2/tps/boost_1_72_0'
INFO: [SIM-utils-54] Inspecting design source files for 'SoC' in fileset 'sim_1'...
INFO: [USF-XSim-97] Finding global include files...
INFO: [USF-XSim-98] Fetching design files from 'sim_1'...
INFO: [USF-XSim-2] XSim::Compile design
INFO: [USF-XSim-61] Executing 'COMPILE and ANALYZE' step in 'C:/Users/ceran/Documents/BoriSoC/BoriSoC/BoriSoC.sim/sim_1/behav/xsim'
"xvhdl --incr --relax -prj SoC_vhdl.prj"
INFO: [VRFC 10-163] Analyzing VHDL file "C:/Users/ceran/Documents/BoriSoC/BoriSoC/BoriSoC.srcs/sources_1/new/def_pack.vhd" into library xil_defaultlib
ERROR: [VRFC 10-2919] 'integer_32' does not have attribute 'max' [C:/Users/ceran/Documents/BoriSoC/BoriSoC/BoriSoC.srcs/sources_1/new/def_pack.vhd:248]
ERROR: [VRFC 10-2989] 'max' is not declared [C:/Users/ceran/Documents/BoriSoC/BoriSoC/BoriSoC.srcs/sources_1/new/def_pack.vhd:248]
ERROR: [VRFC 10-9439] type error near 'a_ext(i)'; expected type 'unresolved_unsigned' [C:/Users/ceran/Documents/BoriSoC/BoriSoC/BoriSoC.srcs/sources_1/new/def_pack.vhd:268]
ERROR: [VRFC 10-3340] formal 'arg' has no actual or default value [C:/Users/ceran/Documents/BoriSoC/BoriSoC/BoriSoC.srcs/sources_1/new/def_pack.vhd:268]
ERROR: [VRFC 10-3464] indexed name prefix type 'integer' is not an array type [C:/Users/ceran/Documents/BoriSoC/BoriSoC/BoriSoC.srcs/sources_1/new/def_pack.vhd:268]
ERROR: [VRFC 10-9458] unit 'def_pack' is ignored due to previous errors [C:/Users/ceran/Documents/BoriSoC/BoriSoC/BoriSoC.srcs/sources_1/new/def_pack.vhd:128]
INFO: [VRFC 10-8704] VHDL file 'C:/Users/ceran/Documents/BoriSoC/BoriSoC/BoriSoC.srcs/sources_1/new/def_pack.vhd' is ignored due to errors
INFO: [USF-XSim-69] 'compile' step finished in '3' seconds
INFO: [USF-XSim-99] Step results log file:'C:/Users/ceran/Documents/BoriSoC/BoriSoC/BoriSoC.sim/sim_1/behav/xsim/xvhdl.log'
ERROR: [USF-XSim-62] 'compile' step failed with error(s). Please check the Tcl console output or 'C:/Users/ceran/Documents/BoriSoC/BoriSoC/BoriSoC.sim/sim_1/behav/xsim/xvhdl.log' file for more information.
ERROR: [Vivado 12-4473] Detected error while running simulation. Please correct the issue and retry this operation.
launch_simulation: Time (s): cpu = 00:00:00 ; elapsed = 00:00:07 . Memory (MB): peak = 624.344 ; gain = 5.270
ERROR: [Common 17-39] 'launch_simulation' failed due to earlier errors.

    while executing
"launch_simulation -mode behavioral"
    (file "sim.tcl" line 3)
INFO: [Common 17-206] Exiting Vivado at Mon May 19 21:50:48 2025...
