#-----------------------------------------------------------
# Vivado v2024.2 (64-bit)
# SW Build 5239630 on Fri Nov 08 22:35:27 MST 2024
# IP Build 5239520 on Sun Nov 10 16:12:51 MST 2024
# SharedData Build 5239561 on Fri Nov 08 14:39:27 MST 2024
# Start of session at: Mon May 19 22:21:06 2025
# Process ID         : 30356
# Current directory  : C:/Users/ceran/Documents/BoriSoC/BoriSoC
# Command line       : vivado.exe -mode batch -source sim.tcl
# Log file           : C:/Users/ceran/Documents/BoriSoC/BoriSoC/vivado.log
# Journal file       : C:/Users/ceran/Documents/BoriSoC/BoriSoC\vivado.jou
# Running On         : DESKTOP-2D1SHBR
# Platform           : Windows Server 2016 or Windows 10
# Operating System   : 22621
# Processor Detail   : Intel(R) Core(TM) i7-5820K CPU @ 3.30GHz
# CPU Frequency      : 3298 MHz
# CPU Physical cores : 6
# CPU Logical cores  : 12
# Host memory        : 17086 MB
# Swap memory        : 1178 MB
# Total Virtual      : 18264 MB
# Available Virtual  : 6532 MB
#-----------------------------------------------------------
source sim.tcl
# open_project BoriSoC.xpr
INFO: [filemgmt 56-3] Default IP Output Path : Could not find the directory 'C:/Users/ceran/Documents/BoriSoC/BoriSoC/BoriSoC.gen/sources_1'.
Scanning sources...
Finished scanning sources
open_project: Time (s): cpu = 00:00:08 ; elapsed = 00:00:08 . Memory (MB): peak = 620.348 ; gain = 192.316
# add_files -fileset sim_1 ./sim/testbench.vhd
ERROR: [Vivado 12-172] File or Directory './sim/testbench.vhd' does not exist
INFO: [Common 17-206] Exiting Vivado at Mon May 19 22:21:19 2025...
