Time resolution is 1 ps
Note: A number of tokens was found2
Time: 0 ps  Iteration: 0  Process: /SoC/line__52  File: C:/Users/ceran/Documents/BoriSoC/BoriSoC/BoriSoC.srcs/sources_1/new/SoC.vhd
Note: @S
Time: 0 ps  Iteration: 0  Process: /SoC/line__52  File: C:/Users/ceran/Documents/BoriSoC/BoriSoC/BoriSoC.srcs/sources_1/new/SoC.vhd
Note: 000CS
Time: 0 ps  Iteration: 0  Process: /SoC/line__52  File: C:/Users/ceran/Documents/BoriSoC/BoriSoC/BoriSoC.srcs/sources_1/new/SoC.vhd
Note: S
Time: 0 ps  Iteration: 0  Process: /SoC/line__52  File: C:/Users/ceran/Documents/BoriSoC/BoriSoC/BoriSoC.srcs/sources_1/new/SoC.vhd
Note: S
Time: 0 ps  Iteration: 0  Process: /SoC/line__52  File: C:/Users/ceran/Documents/BoriSoC/BoriSoC/BoriSoC.srcs/sources_1/new/SoC.vhd
Note: A number of tokens was found4
Time: 0 ps  Iteration: 0  Process: /SoC/line__52  File: C:/Users/ceran/Documents/BoriSoC/BoriSoC/BoriSoC.srcs/sources_1/new/SoC.vhd
Note: ADDIS
Time: 0 ps  Iteration: 0  Process: /SoC/line__52  File: C:/Users/ceran/Documents/BoriSoC/BoriSoC/BoriSoC.srcs/sources_1/new/SoC.vhd
Note: x0S
Time: 0 ps  Iteration: 0  Process: /SoC/line__52  File: C:/Users/ceran/Documents/BoriSoC/BoriSoC/BoriSoC.srcs/sources_1/new/SoC.vhd
Note: x1S
Time: 0 ps  Iteration: 0  Process: /SoC/line__52  File: C:/Users/ceran/Documents/BoriSoC/BoriSoC/BoriSoC.srcs/sources_1/new/SoC.vhd
Note: 00FS
Time: 0 ps  Iteration: 0  Process: /SoC/line__52  File: C:/Users/ceran/Documents/BoriSoC/BoriSoC/BoriSoC.srcs/sources_1/new/SoC.vhd
Note: Put ADDI @000C
Time: 0 ps  Iteration: 0  Process: /SoC/line__52  File: C:/Users/ceran/Documents/BoriSoC/BoriSoC/BoriSoC.srcs/sources_1/new/SoC.vhd
Note: A number of tokens was found4
Time: 0 ps  Iteration: 0  Process: /SoC/line__52  File: C:/Users/ceran/Documents/BoriSoC/BoriSoC/BoriSoC.srcs/sources_1/new/SoC.vhd
Note: ADDIS
Time: 0 ps  Iteration: 0  Process: /SoC/line__52  File: C:/Users/ceran/Documents/BoriSoC/BoriSoC/BoriSoC.srcs/sources_1/new/SoC.vhd
Note: x1S
Time: 0 ps  Iteration: 0  Process: /SoC/line__52  File: C:/Users/ceran/Documents/BoriSoC/BoriSoC/BoriSoC.srcs/sources_1/new/SoC.vhd
Note: x0S
Time: 0 ps  Iteration: 0  Process: /SoC/line__52  File: C:/Users/ceran/Documents/BoriSoC/BoriSoC/BoriSoC.srcs/sources_1/new/SoC.vhd
Note: 001S
Time: 0 ps  Iteration: 0  Process: /SoC/line__52  File: C:/Users/ceran/Documents/BoriSoC/BoriSoC/BoriSoC.srcs/sources_1/new/SoC.vhd
Note: Put ADDI @0010
Time: 0 ps  Iteration: 0  Process: /SoC/line__52  File: C:/Users/ceran/Documents/BoriSoC/BoriSoC/BoriSoC.srcs/sources_1/new/SoC.vhd
Note: A number of tokens was found2
Time: 0 ps  Iteration: 0  Process: /SoC/line__52  File: C:/Users/ceran/Documents/BoriSoC/BoriSoC/BoriSoC.srcs/sources_1/new/SoC.vhd
Note: VALS
Time: 0 ps  Iteration: 0  Process: /SoC/line__52  File: C:/Users/ceran/Documents/BoriSoC/BoriSoC/BoriSoC.srcs/sources_1/new/SoC.vhd
Note: 0CS
Time: 0 ps  Iteration: 0  Process: /SoC/line__52  File: C:/Users/ceran/Documents/BoriSoC/BoriSoC/BoriSoC.srcs/sources_1/new/SoC.vhd
Note:   S
Time: 0 ps  Iteration: 0  Process: /SoC/line__52  File: C:/Users/ceran/Documents/BoriSoC/BoriSoC/BoriSoC.srcs/sources_1/new/SoC.vhd
Note:    S
Time: 0 ps  Iteration: 0  Process: /SoC/line__52  File: C:/Users/ceran/Documents/BoriSoC/BoriSoC/BoriSoC.srcs/sources_1/new/SoC.vhd
Note: Put VAL @0014
Time: 0 ps  Iteration: 0  Process: /SoC/line__52  File: C:/Users/ceran/Documents/BoriSoC/BoriSoC/BoriSoC.srcs/sources_1/new/SoC.vhd
Note: 13
Time: 0 ps  Iteration: 0  Process: /SoC/line__52  File: C:/Users/ceran/Documents/BoriSoC/BoriSoC/BoriSoC.srcs/sources_1/new/SoC.vhd
Note: 80
Time: 0 ps  Iteration: 0  Process: /SoC/line__52  File: C:/Users/ceran/Documents/BoriSoC/BoriSoC/BoriSoC.srcs/sources_1/new/SoC.vhd
Note: instruction fetched @ 0000000000000000 or in intger form 0
Time: 0 ps  Iteration: 0  Process: /SoC/line__52  File: C:/Users/ceran/Documents/BoriSoC/BoriSoC/BoriSoC.srcs/sources_1/new/SoC.vhd
Note: 00000000000000000000000000000000
Time: 0 ps  Iteration: 0  Process: /SoC/line__52  File: C:/Users/ceran/Documents/BoriSoC/BoriSoC/BoriSoC.srcs/sources_1/new/SoC.vhd
Error: illegal insruction
Time: 0 ps  Iteration: 0  Process: /SoC/line__52  File: C:/Users/ceran/Documents/BoriSoC/BoriSoC/BoriSoC.srcs/sources_1/new/SoC.vhd
